2026-02-27 01:47:01 [INFO] VibeFinderEngine: Initializing Supabase (Prisma) connection...
2026-02-27 01:47:03 [INFO] VibeFinderEngine: Database connected successfully. Engine online.
2026-02-27 01:47:58 [INFO] VibeFinderEngine: --- NEW REQUEST: Analyzing Vibe ---
2026-02-27 01:47:58 [INFO] VibeFinderEngine: Prompt: 'Final test 100: everything at once — euphoric sunrise festival rave after a heartbreak, feeling alive again for the first time' | Limit: 20
2026-02-27 01:48:00 [INFO] VibeFinderEngine: Entity Scanner Locked Song independently: sunrise by Norah Jones
2026-02-27 01:48:00 [INFO] VibeFinderEngine: Standard AI Resolution: Dominant Genre -> Dance Pop
2026-02-27 01:48:00 [INFO] VibeFinderEngine: Fetching primary genre pool for: Dance Pop
2026-02-27 01:48:01 [INFO] VibeFinderEngine: Injecting discography blend for detected artist: Norah Jones
2026-02-27 01:48:01 [INFO] VibeFinderEngine: Merged deduplicated pool size: 250 tracks.
2026-02-27 01:48:01 [INFO] VibeFinderEngine: Executing mathematical sorting and diversity guards...
2026-02-27 01:48:01 [INFO] VibeFinderEngine: Scraping Apple Music previews concurrently for top 20 tracks...
2026-02-27 01:48:02 [WARNING] VibeFinderEngine: iTunes API preview fetch failed for 'Humble Me' by 'Norah Jones': HTTP Error 403: Forbidden
2026-02-27 01:48:02 [WARNING] VibeFinderEngine: iTunes API preview fetch failed for 'She' by 'Selena Gomez': HTTP Error 403: Forbidden
2026-02-27 01:48:02 [WARNING] VibeFinderEngine: iTunes API preview fetch failed for 'DOWN' by 'Tini': HTTP Error 403: Forbidden
2026-02-27 01:48:02 [WARNING] VibeFinderEngine: iTunes API preview fetch failed for 'Bad - 2012 Remaster' by 'Michael Jackson': HTTP Error 403: Forbidden
2026-02-27 01:48:02 [WARNING] VibeFinderEngine: iTunes API preview fetch failed for 'I Wanna Dance with Somebody (Who Loves Me)' by 'Whitney Houston': HTTP Error 403: Forbidden
2026-02-27 01:48:02 [WARNING] VibeFinderEngine: iTunes API preview fetch failed for 'I Want Your Love' by 'Atomic Kitten': HTTP Error 403: Forbidden
2026-02-27 01:48:02 [WARNING] VibeFinderEngine: iTunes API preview fetch failed for 'Sci-Fi' by 'Tainy': HTTP Error 403: Forbidden
2026-02-27 01:48:02 [WARNING] VibeFinderEngine: iTunes API preview fetch failed for 'Bad Decisions' by 'Ariana Grande': HTTP Error 403: Forbidden
2026-02-27 01:48:02 [WARNING] VibeFinderEngine: iTunes API preview fetch failed for 'Numb' by 'Usher': HTTP Error 403: Forbidden
2026-02-27 01:48:02 [WARNING] VibeFinderEngine: iTunes API preview fetch failed for 'Hung Up (SDP Extended Dub)' by 'Madonna': HTTP Error 403: Forbidden
2026-02-27 01:48:03 [WARNING] VibeFinderEngine: iTunes API preview fetch failed for 'NoNoNo' by 'A Pink': HTTP Error 403: Forbidden
2026-02-27 01:48:03 [WARNING] VibeFinderEngine: iTunes API preview fetch failed for 'Rockin’' by 'The Weeknd': HTTP Error 403: Forbidden
2026-02-27 01:48:03 [WARNING] VibeFinderEngine: iTunes API preview fetch failed for 'Hallucinate' by 'Dua Lipa': HTTP Error 403: Forbidden
2026-02-27 01:48:03 [INFO] VibeFinderEngine: --- SUCCESS: Returning 20 tracks to client ---
2026-02-27 01:49:38 [INFO] VibeFinderEngine: Engine shutting down. Disconnecting database...
2026-02-27 01:49:39 [INFO] VibeFinderEngine: Initializing Supabase (Prisma) connection...
2026-02-27 01:49:40 [INFO] VibeFinderEngine: Database connected successfully. Engine online.
2026-02-27 01:50:12 [INFO] VibeFinderEngine: --- NEW REQUEST: Analyzing Vibe ---
2026-02-27 01:50:12 [INFO] VibeFinderEngine: Prompt: 'weeknd vibes on weekend' | Limit: 20
2026-02-27 01:50:14 [INFO] VibeFinderEngine: Standard AI Resolution: Dominant Genre -> Lo-Fi
2026-02-27 01:50:14 [WARNING] VibeFinderEngine: Engine Confidence Critical (0.0 < 0.25). Triggering Fallback Protocol!
2026-02-27 01:50:15 [INFO] VibeFinderEngine: Fallback Search returned 100 tracks.
2026-02-27 01:50:15 [INFO] VibeFinderEngine: Executing mathematical sorting and diversity guards...
2026-02-27 01:50:15 [INFO] VibeFinderEngine: Scraping Apple Music previews concurrently for top 20 tracks...
2026-02-27 01:50:16 [WARNING] VibeFinderEngine: iTunes API preview fetch failed for 'São Paulo (feat. Anitta)' by 'The Weeknd': HTTP Error 403: Forbidden
2026-02-27 01:50:16 [WARNING] VibeFinderEngine: iTunes API preview fetch failed for 'The Weekend' by 'Modern Baseball': HTTP Error 403: Forbidden
2026-02-27 01:50:16 [WARNING] VibeFinderEngine: iTunes API preview fetch failed for 'Weekend' by 'Feng': HTTP Error 403: Forbidden
2026-02-27 01:50:16 [WARNING] VibeFinderEngine: iTunes API preview fetch failed for 'Weekend Wars' by 'MGMT': HTTP Error 403: Forbidden
2026-02-27 01:50:16 [WARNING] VibeFinderEngine: iTunes API preview fetch failed for 'Weekend (feat. Miguel)' by 'Mac Miller': HTTP Error 403: Forbidden
2026-02-27 01:50:16 [WARNING] VibeFinderEngine: iTunes API preview fetch failed for 'Hymn for the Weekend' by 'Coldplay': HTTP Error 403: Forbidden
2026-02-27 01:50:16 [WARNING] VibeFinderEngine: iTunes API preview fetch failed for 'Run' by 'Vampire Weekend': HTTP Error 403: Forbidden
2026-02-27 01:50:16 [WARNING] VibeFinderEngine: iTunes API preview fetch failed for 'False Alarm' by 'The Weeknd': HTTP Error 403: Forbidden
2026-02-27 01:50:16 [WARNING] VibeFinderEngine: iTunes API preview fetch failed for 'Vibes Weekend' by 'Kranium': HTTP Error 403: Forbidden
2026-02-27 01:50:16 [WARNING] VibeFinderEngine: iTunes API preview fetch failed for 'BRAZY WEEKEND' by 'Lucki': HTTP Error 403: Forbidden
2026-02-27 01:50:16 [INFO] VibeFinderEngine: --- SUCCESS: Returning 20 tracks to client ---
2026-02-27 01:54:10 [INFO] VibeFinderEngine: Engine shutting down. Disconnecting database...
2026-02-27 01:54:11 [INFO] VibeFinderEngine: Initializing Supabase (Prisma) connection...
2026-02-27 01:54:13 [INFO] VibeFinderEngine: Database connected successfully. Engine online.
